<?xml version="1.0" encoding="UTF-8"?>
<!-- Generated by org.testng.reporters.JUnitXMLReporter -->
<testsuite ignored="6" hostname="LAPTOP-139EAR6L" failures="1" tests="6" name="Test" time="16.316" errors="0" timestamp="2023-03-29T10:29:16 IST">
  <testcase classname="com.Test.DeleteTest" name="deleteclient" time="1.347">
    <skipped/>
  </testcase> <!-- deleteclient -->
  <testcase classname="com.Test.DeleteTest" name="deleteclient" time="1.288">
    <skipped/>
  </testcase> <!-- deleteclient -->
  <testcase classname="com.Test.DeleteTest" name="deleteclient" time="1.277">
    <skipped/>
  </testcase> <!-- deleteclient -->
  <testcase classname="com.Test.DeleteTest" name="deleteclient" time="1.33">
    <failure type="org.openqa.selenium.ElementClickInterceptedException" message="element click intercepted: Element &amp;lt;a class=&amp;quot;dis&amp;quot; href=&amp;quot;editClient.php?client_id=1511989270&amp;quot;&amp;gt;...&amp;lt;/a&amp;gt; is not clickable at point (1427, 271). Other element would receive the click: &amp;lt;td&amp;gt;...&amp;lt;/td&amp;gt;
  (Session info: chrome=111.0.5563.111)
Build info: version: &amp;apos;3.141.59&amp;apos;, revision: &amp;apos;e82be7d358&amp;apos;, time: &amp;apos;2018-11-14T08:17:03&amp;apos;
System info: host: &amp;apos;LAPTOP-139EAR6L&amp;apos;, ip: &amp;apos;192.168.0.195&amp;apos;, os.name: &amp;apos;Windows 11&amp;apos;, os.arch: &amp;apos;amd64&amp;apos;, os.version: &amp;apos;10.0&amp;apos;, java.version: &amp;apos;11.0.17&amp;apos;
Driver info: org.openqa.selenium.chrome.ChromeDriver
Capabilities {acceptInsecureCerts: false, browserName: chrome, browserVersion: 111.0.5563.111, chrome: {chromedriverVersion: 111.0.5563.64 (c710e93d5b63..., userDataDir: C:\Users\HP\AppData\Local\T...}, goog:chromeOptions: {debuggerAddress: localhost:61467}, javascriptEnabled: true, networkConnectionEnabled: false, pageLoadStrategy: normal, platform: WINDOWS, platformName: WINDOWS, proxy: Proxy(), setWindowRect: true, strictFileInteractability: false, timeouts: {implicit: 0, pageLoad: 300000, script: 30000}, unhandledPromptBehavior: dismiss and notify, webauthn:extension:credBlob: true, webauthn:extension:largeBlob: true, webauthn:extension:minPinLength: true, webauthn:extension:prf: true, webauthn:virtualAuthenticators: true}
Session ID: 6c6888365e52fa0728ba42f9d57f21d2">
      <![CDATA[org.openqa.selenium.ElementClickInterceptedException: element click intercepted: Element <a class="dis" href="editClient.php?client_id=1511989270">...</a> is not clickable at point (1427, 271). Other element would receive the click: <td>...</td>
  (Session info: chrome=111.0.5563.111)
Build info: version: '3.141.59', revision: 'e82be7d358', time: '2018-11-14T08:17:03'
System info: host: 'LAPTOP-139EAR6L', ip: '192.168.0.195', os.name: 'Windows 11', os.arch: 'amd64', os.version: '10.0', java.version: '11.0.17'
Driver info: org.openqa.selenium.chrome.ChromeDriver
Capabilities {acceptInsecureCerts: false, browserName: chrome, browserVersion: 111.0.5563.111, chrome: {chromedriverVersion: 111.0.5563.64 (c710e93d5b63..., userDataDir: C:\Users\HP\AppData\Local\T...}, goog:chromeOptions: {debuggerAddress: localhost:61467}, javascriptEnabled: true, networkConnectionEnabled: false, pageLoadStrategy: normal, platform: WINDOWS, platformName: WINDOWS, proxy: Proxy(), setWindowRect: true, strictFileInteractability: false, timeouts: {implicit: 0, pageLoad: 300000, script: 30000}, unhandledPromptBehavior: dismiss and notify, webauthn:extension:credBlob: true, webauthn:extension:largeBlob: true, webauthn:extension:minPinLength: true, webauthn:extension:prf: true, webauthn:virtualAuthenticators: true}
Session ID: 6c6888365e52fa0728ba42f9d57f21d2
at org.openqa.selenium.remote.http.W3CHttpResponseCodec.createException(W3CHttpResponseCodec.java:187)
at org.openqa.selenium.remote.http.W3CHttpResponseCodec.decode(W3CHttpResponseCodec.java:122)
at org.openqa.selenium.remote.http.W3CHttpResponseCodec.decode(W3CHttpResponseCodec.java:49)
at org.openqa.selenium.remote.HttpCommandExecutor.execute(HttpCommandExecutor.java:158)
at org.openqa.selenium.remote.service.DriverCommandExecutor.execute(DriverCommandExecutor.java:83)
at org.openqa.selenium.remote.RemoteWebDriver.execute(RemoteWebDriver.java:552)
at org.openqa.selenium.remote.RemoteWebElement.execute(RemoteWebElement.java:285)
at org.openqa.selenium.remote.RemoteWebElement.click(RemoteWebElement.java:84)
at com.Pom.ClientInformationPage.editdata(ClientInformationPage.java:24)
at com.Test.DeleteTest.deleteclient(DeleteTest.java:31)
at java.base/java.util.ArrayList.forEach(ArrayList.java:1541)
at java.base/java.util.concurrent.FutureTask.run(FutureTask.java:264)
at java.base/java.util.concurrent.ThreadPoolExecutor.runWorker(ThreadPoolExecutor.java:1128)
at java.base/java.util.concurrent.ThreadPoolExecutor$Worker.run(ThreadPoolExecutor.java:628)
at java.base/java.lang.Thread.run(Thread.java:834)
... Removed 22 stack frames]]>
    </failure>
  </testcase> <!-- deleteclient -->
  <testcase classname="com.Test.EditClient" name="editclient" time="0.759"/>
  <testcase classname="com.Test.PaymentTest" name="payment" time="1.751"/>
  <testcase classname="com.GenericUtilities.BaseClass" name="@AfterSuite dbclose" time="0.0">
    <ignored/>
  </testcase> <!-- @AfterSuite dbclose -->
  <testcase classname="com.GenericUtilities.BaseClass" name="@AfterSuite dbclose" time="0.0">
    <ignored/>
  </testcase> <!-- @AfterSuite dbclose -->
  <testcase classname="com.GenericUtilities.BaseClass" name="@AfterSuite dbclose" time="0.0">
    <ignored/>
  </testcase> <!-- @AfterSuite dbclose -->
  <testcase classname="com.GenericUtilities.BaseClass" name="@BeforeSuite congifBS" time="0.0">
    <ignored/>
  </testcase> <!-- @BeforeSuite congifBS -->
  <testcase classname="com.GenericUtilities.BaseClass" name="@BeforeSuite congifBS" time="0.0">
    <ignored/>
  </testcase> <!-- @BeforeSuite congifBS -->
  <testcase classname="com.GenericUtilities.BaseClass" name="@BeforeSuite congifBS" time="0.0">
    <ignored/>
  </testcase> <!-- @BeforeSuite congifBS -->
</testsuite> <!-- Test -->
